<?xml version="1.0" encoding="UTF-8"?>
<coverage generated="1583284355255" clover="3.2.0">
  <project timestamp="1583284355255" name="All files">
    <metrics statements="62" coveredstatements="61" conditionals="19" coveredconditionals="18" methods="8" coveredmethods="8" elements="89" coveredelements="87" complexity="0" loc="62" ncloc="62" packages="3" files="4" classes="4"/>
    <package name="blog-posts">
      <metrics statements="10" coveredstatements="10" conditionals="0" coveredconditionals="0" methods="0" coveredmethods="0"/>
      <file name="index.js" path="/Users/n01216987/hatchways/blog-posts/index.js">
        <metrics statements="8" coveredstatements="8" conditionals="0" coveredconditionals="0" methods="0" coveredmethods="0"/>
        <line num="1" count="1" type="stmt"/>
        <line num="2" count="1" type="stmt"/>
        <line num="3" count="1" type="stmt"/>
        <line num="4" count="1" type="stmt"/>
        <line num="6" count="1" type="stmt"/>
        <line num="7" count="1" type="stmt"/>
        <line num="9" count="1" type="stmt"/>
        <line num="11" count="1" type="stmt"/>
      </file>
      <file name="key.js" path="/Users/n01216987/hatchways/blog-posts/key.js">
        <metrics statements="2" coveredstatements="2" conditionals="0" coveredconditionals="0" methods="0" coveredmethods="0"/>
        <line num="1" count="1" type="stmt"/>
        <line num="3" count="1" type="stmt"/>
      </file>
    </package>
    <package name="blog-posts.controllers">
      <metrics statements="46" coveredstatements="45" conditionals="19" coveredconditionals="18" methods="8" coveredmethods="8"/>
      <file name="api.js" path="/Users/n01216987/hatchways/blog-posts/controllers/api.js">
        <metrics statements="46" coveredstatements="45" conditionals="19" coveredconditionals="18" methods="8" coveredmethods="8"/>
        <line num="1" count="1" type="stmt"/>
        <line num="2" count="1" type="stmt"/>
        <line num="4" count="1" type="stmt"/>
        <line num="5" count="10" type="stmt"/>
        <line num="6" count="10" type="stmt"/>
        <line num="7" count="10" type="stmt"/>
        <line num="8" count="10" type="stmt"/>
        <line num="10" count="0" type="stmt"/>
        <line num="14" count="1" type="stmt"/>
        <line num="15" count="1" type="stmt"/>
        <line num="18" count="1" type="stmt"/>
        <line num="21" count="10" type="stmt"/>
        <line num="22" count="10" type="cond" truecount="4" falsecount="0"/>
        <line num="23" count="2" type="stmt"/>
        <line num="24" count="2" type="stmt"/>
        <line num="25" count="2" type="stmt"/>
        <line num="27" count="8" type="stmt"/>
        <line num="32" count="8" type="stmt"/>
        <line num="33" count="8" type="stmt"/>
        <line num="34" count="8" type="stmt"/>
        <line num="36" count="10" type="stmt"/>
        <line num="38" count="10" type="stmt"/>
        <line num="39" count="1474" type="stmt"/>
        <line num="40" count="270" type="cond" truecount="2" falsecount="0"/>
        <line num="41" count="257" type="stmt"/>
        <line num="44" count="10" type="stmt"/>
        <line num="45" count="10" type="stmt"/>
        <line num="51" count="8" type="cond" truecount="4" falsecount="0"/>
        <line num="52" count="3" type="stmt"/>
        <line num="54" count="8" type="stmt"/>
        <line num="55" count="7" type="stmt"/>
        <line num="56" count="612" type="cond" truecount="2" falsecount="0"/>
        <line num="63" count="8" type="cond" truecount="5" falsecount="0"/>
        <line num="65" count="4" type="stmt"/>
        <line num="66" count="4" type="stmt"/>
        <line num="68" count="1" type="stmt"/>
        <line num="69" count="1" type="stmt"/>
        <line num="71" count="1" type="stmt"/>
        <line num="72" count="1" type="stmt"/>
        <line num="74" count="1" type="stmt"/>
        <line num="75" count="1" type="stmt"/>
        <line num="77" count="1" type="stmt"/>
        <line num="80" count="1" type="stmt"/>
        <line num="81" count="1" type="stmt"/>
        <line num="84" count="7" type="stmt"/>
        <line num="86" count="1" type="cond" truecount="1" falsecount="1"/>
      </file>
    </package>
    <package name="blog-posts.routes">
      <metrics statements="6" coveredstatements="6" conditionals="0" coveredconditionals="0" methods="0" coveredmethods="0"/>
      <file name="api.js" path="/Users/n01216987/hatchways/blog-posts/routes/api.js">
        <metrics statements="6" coveredstatements="6" conditionals="0" coveredconditionals="0" methods="0" coveredmethods="0"/>
        <line num="1" count="1" type="stmt"/>
        <line num="3" count="1" type="stmt"/>
        <line num="5" count="1" type="stmt"/>
        <line num="7" count="1" type="stmt"/>
        <line num="9" count="1" type="stmt"/>
        <line num="11" count="1" type="stmt"/>
      </file>
    </package>
  </project>
</coverage>
