{"/Users/n01216987/hatchways/blog-posts/index.js": {"path":"/Users/n01216987/hatchways/blog-posts/index.js","statementMap":{"0":{"start":{"line":1,"column":16},"end":{"line":1,"column":34}},"1":{"start":{"line":2,"column":12},"end":{"line":2,"column":21}},"2":{"start":{"line":3,"column":19},"end":{"line":3,"column":41}},"3":{"start":{"line":4,"column":13},"end":{"line":4,"column":19}},"4":{"start":{"line":6,"column":0},"end":{"line":6,"column":27}},"5":{"start":{"line":7,"column":17},"end":{"line":7,"column":40}},"6":{"start":{"line":9,"column":0},"end":{"line":9,"column":26}},"7":{"start":{"line":11,"column":0},"end":{"line":11,"column":21}}},"fnMap":{},"branchMap":{},"s":{"0":1,"1":1,"2":1,"3":1,"4":1,"5":1,"6":1,"7":1},"f":{},"b":{},"_coverageSchema":"1a1c01bbd47fc00a2c39e90264f33305004495a9","hash":"502ce2f47d5aa77ad563e4fedd2944871b44efde"}
,"/Users/n01216987/hatchways/blog-posts/key.js": {"path":"/Users/n01216987/hatchways/blog-posts/key.js","statementMap":{"0":{"start":{"line":1,"column":15},"end":{"line":1,"column":63}},"1":{"start":{"line":3,"column":0},"end":{"line":3,"column":24}}},"fnMap":{},"branchMap":{},"s":{"0":1,"1":1},"f":{},"b":{},"_coverageSchema":"1a1c01bbd47fc00a2c39e90264f33305004495a9","hash":"9b2c171650a7422c4fb277d8d53e45683f6c309f"}
,"/Users/n01216987/hatchways/blog-posts/controllers/api.js": {"path":"/Users/n01216987/hatchways/blog-posts/controllers/api.js","statementMap":{"0":{"start":{"line":1,"column":14},"end":{"line":1,"column":35}},"1":{"start":{"line":2,"column":17},"end":{"line":2,"column":34}},"2":{"start":{"line":4,"column":28},"end":{"line":12,"column":1}},"3":{"start":{"line":5,"column":2},"end":{"line":11,"column":3}},"4":{"start":{"line":6,"column":19},"end":{"line":6,"column":58}},"5":{"start":{"line":7,"column":22},"end":{"line":7,"column":41}},"6":{"start":{"line":8,"column":4},"end":{"line":8,"column":17}},"7":{"start":{"line":10,"column":4},"end":{"line":10,"column":14}},"8":{"start":{"line":14,"column":0},"end":{"line":16,"column":2}},"9":{"start":{"line":15,"column":2},"end":{"line":15,"column":42}},"10":{"start":{"line":18,"column":0},"end":{"line":88,"column":2}},"11":{"start":{"line":21,"column":36},"end":{"line":21,"column":45}},"12":{"start":{"line":22,"column":2},"end":{"line":26,"column":3}},"13":{"start":{"line":23,"column":18},"end":{"line":23,"column":57}},"14":{"start":{"line":24,"column":4},"end":{"line":24,"column":53}},"15":{"start":{"line":25,"column":4},"end":{"line":25,"column":11}},"16":{"start":{"line":27,"column":20},"end":{"line":30,"column":15}},"17":{"start":{"line":32,"column":23},"end":{"line":32,"column":25}},"18":{"start":{"line":33,"column":2},"end":{"line":87,"column":3}},"19":{"start":{"line":34,"column":4},"end":{"line":47,"column":6}},"20":{"start":{"line":36,"column":23},"end":{"line":36,"column":55}},"21":{"start":{"line":38,"column":32},"end":{"line":43,"column":10}},"22":{"start":{"line":39,"column":24},"end":{"line":39,"column":73}},"23":{"start":{"line":39,"column":55},"end":{"line":39,"column":72}},"24":{"start":{"line":40,"column":10},"end":{"line":42,"column":11}},"25":{"start":{"line":41,"column":12},"end":{"line":41,"column":22}},"26":{"start":{"line":44,"column":8},"end":{"line":44,"column":46}},"27":{"start":{"line":45,"column":8},"end":{"line":45,"column":15}},"28":{"start":{"line":51,"column":4},"end":{"line":53,"column":5}},"29":{"start":{"line":52,"column":6},"end":{"line":52,"column":20}},"30":{"start":{"line":54,"column":17},"end":{"line":60,"column":5}},"31":{"start":{"line":55,"column":6},"end":{"line":59,"column":9}},"32":{"start":{"line":56,"column":8},"end":{"line":58,"column":40}},"33":{"start":{"line":63,"column":4},"end":{"line":82,"column":5}},"34":{"start":{"line":65,"column":8},"end":{"line":65,"column":15}},"35":{"start":{"line":66,"column":8},"end":{"line":66,"column":14}},"36":{"start":{"line":68,"column":8},"end":{"line":68,"column":15}},"37":{"start":{"line":69,"column":8},"end":{"line":69,"column":14}},"38":{"start":{"line":71,"column":8},"end":{"line":71,"column":15}},"39":{"start":{"line":72,"column":8},"end":{"line":72,"column":14}},"40":{"start":{"line":74,"column":8},"end":{"line":74,"column":15}},"41":{"start":{"line":75,"column":8},"end":{"line":75,"column":14}},"42":{"start":{"line":77,"column":22},"end":{"line":79,"column":9}},"43":{"start":{"line":80,"column":8},"end":{"line":80,"column":31}},"44":{"start":{"line":81,"column":8},"end":{"line":81,"column":20}},"45":{"start":{"line":84,"column":4},"end":{"line":84,"column":50}},"46":{"start":{"line":86,"column":4},"end":{"line":86,"column":73}}},"fnMap":{"0":{"name":"(anonymous_0)","decl":{"start":{"line":4,"column":28},"end":{"line":4,"column":29}},"loc":{"start":{"line":4,"column":43},"end":{"line":12,"column":1}},"line":4},"1":{"name":"(anonymous_1)","decl":{"start":{"line":14,"column":18},"end":{"line":14,"column":19}},"loc":{"start":{"line":14,"column":38},"end":{"line":16,"column":1}},"line":14},"2":{"name":"(anonymous_2)","decl":{"start":{"line":18,"column":19},"end":{"line":18,"column":20}},"loc":{"start":{"line":18,"column":39},"end":{"line":88,"column":1}},"line":18},"3":{"name":"(anonymous_3)","decl":{"start":{"line":35,"column":20},"end":{"line":35,"column":21}},"loc":{"start":{"line":35,"column":35},"end":{"line":46,"column":7}},"line":35},"4":{"name":"(anonymous_4)","decl":{"start":{"line":38,"column":52},"end":{"line":38,"column":53}},"loc":{"start":{"line":38,"column":58},"end":{"line":43,"column":9}},"line":38},"5":{"name":"(anonymous_5)","decl":{"start":{"line":39,"column":47},"end":{"line":39,"column":48}},"loc":{"start":{"line":39,"column":55},"end":{"line":39,"column":72}},"line":39},"6":{"name":"(anonymous_6)","decl":{"start":{"line":54,"column":17},"end":{"line":54,"column":18}},"loc":{"start":{"line":54,"column":23},"end":{"line":60,"column":5}},"line":54},"7":{"name":"(anonymous_7)","decl":{"start":{"line":55,"column":31},"end":{"line":55,"column":32}},"loc":{"start":{"line":55,"column":47},"end":{"line":59,"column":7}},"line":55}},"branchMap":{"0":{"loc":{"start":{"line":22,"column":2},"end":{"line":26,"column":3}},"type":"if","locations":[{"start":{"line":22,"column":2},"end":{"line":26,"column":3}},{"start":{"line":22,"column":2},"end":{"line":26,"column":3}}],"line":22},"1":{"loc":{"start":{"line":22,"column":6},"end":{"line":22,"column":26}},"type":"binary-expr","locations":[{"start":{"line":22,"column":6},"end":{"line":22,"column":11}},{"start":{"line":22,"column":15},"end":{"line":22,"column":26}}],"line":22},"2":{"loc":{"start":{"line":40,"column":10},"end":{"line":42,"column":11}},"type":"if","locations":[{"start":{"line":40,"column":10},"end":{"line":42,"column":11}},{"start":{"line":40,"column":10},"end":{"line":42,"column":11}}],"line":40},"3":{"loc":{"start":{"line":51,"column":4},"end":{"line":53,"column":5}},"type":"if","locations":[{"start":{"line":51,"column":4},"end":{"line":53,"column":5}},{"start":{"line":51,"column":4},"end":{"line":53,"column":5}}],"line":51},"4":{"loc":{"start":{"line":51,"column":8},"end":{"line":51,"column":32}},"type":"binary-expr","locations":[{"start":{"line":51,"column":8},"end":{"line":51,"column":21}},{"start":{"line":51,"column":25},"end":{"line":51,"column":32}}],"line":51},"5":{"loc":{"start":{"line":56,"column":15},"end":{"line":58,"column":39}},"type":"cond-expr","locations":[{"start":{"line":57,"column":12},"end":{"line":57,"column":39}},{"start":{"line":58,"column":12},"end":{"line":58,"column":39}}],"line":56},"6":{"loc":{"start":{"line":63,"column":4},"end":{"line":82,"column":5}},"type":"switch","locations":[{"start":{"line":64,"column":6},"end":{"line":66,"column":14}},{"start":{"line":67,"column":6},"end":{"line":69,"column":14}},{"start":{"line":70,"column":6},"end":{"line":72,"column":14}},{"start":{"line":73,"column":6},"end":{"line":75,"column":14}},{"start":{"line":76,"column":6},"end":{"line":81,"column":20}}],"line":63},"7":{"loc":{"start":{"line":86,"column":15},"end":{"line":86,"column":38}},"type":"binary-expr","locations":[{"start":{"line":86,"column":15},"end":{"line":86,"column":31}},{"start":{"line":86,"column":35},"end":{"line":86,"column":38}}],"line":86}},"s":{"0":1,"1":1,"2":1,"3":10,"4":10,"5":10,"6":10,"7":0,"8":1,"9":1,"10":1,"11":10,"12":10,"13":2,"14":2,"15":2,"16":8,"17":8,"18":8,"19":8,"20":10,"21":10,"22":270,"23":1474,"24":270,"25":257,"26":10,"27":10,"28":8,"29":3,"30":8,"31":7,"32":612,"33":8,"34":4,"35":4,"36":1,"37":1,"38":1,"39":1,"40":1,"41":1,"42":1,"43":1,"44":1,"45":7,"46":1},"f":{"0":10,"1":1,"2":10,"3":10,"4":270,"5":1474,"6":7,"7":612},"b":{"0":[2,8],"1":[10,8],"2":[257,13],"3":[3,5],"4":[8,7],"5":[27,585],"6":[4,1,1,1,1],"7":[1,0]},"_coverageSchema":"1a1c01bbd47fc00a2c39e90264f33305004495a9","hash":"7350faa43fc15987b8b3366294f426f84238943e"}
,"/Users/n01216987/hatchways/blog-posts/routes/api.js": {"path":"/Users/n01216987/hatchways/blog-posts/routes/api.js","statementMap":{"0":{"start":{"line":1,"column":16},"end":{"line":1,"column":34}},"1":{"start":{"line":3,"column":15},"end":{"line":3,"column":31}},"2":{"start":{"line":5,"column":22},"end":{"line":5,"column":51}},"3":{"start":{"line":7,"column":0},"end":{"line":7,"column":43}},"4":{"start":{"line":9,"column":0},"end":{"line":9,"column":45}},"5":{"start":{"line":11,"column":0},"end":{"line":11,"column":24}}},"fnMap":{},"branchMap":{},"s":{"0":1,"1":1,"2":1,"3":1,"4":1,"5":1},"f":{},"b":{},"_coverageSchema":"1a1c01bbd47fc00a2c39e90264f33305004495a9","hash":"9fe9738e62df355bf775765089c445ed844f777a"}
}
