TN:
SF:index.js
FNF:0
FNH:0
DA:1,1
DA:2,1
DA:3,1
DA:4,1
DA:6,1
DA:7,1
DA:9,1
DA:11,1
LF:8
LH:8
BRF:0
BRH:0
end_of_record
TN:
SF:key.js
FNF:0
FNH:0
DA:1,1
DA:3,1
LF:2
LH:2
BRF:0
BRH:0
end_of_record
TN:
SF:controllers/api.js
FN:4,(anonymous_0)
FN:14,(anonymous_1)
FN:18,(anonymous_2)
FN:35,(anonymous_3)
FN:38,(anonymous_4)
FN:39,(anonymous_5)
FN:54,(anonymous_6)
FN:55,(anonymous_7)
FNF:8
FNH:8
FNDA:10,(anonymous_0)
FNDA:1,(anonymous_1)
FNDA:10,(anonymous_2)
FNDA:10,(anonymous_3)
FNDA:270,(anonymous_4)
FNDA:1474,(anonymous_5)
FNDA:7,(anonymous_6)
FNDA:612,(anonymous_7)
DA:1,1
DA:2,1
DA:4,1
DA:5,10
DA:6,10
DA:7,10
DA:8,10
DA:10,0
DA:14,1
DA:15,1
DA:18,1
DA:21,10
DA:22,10
DA:23,2
DA:24,2
DA:25,2
DA:27,8
DA:32,8
DA:33,8
DA:34,8
DA:36,10
DA:38,10
DA:39,1474
DA:40,270
DA:41,257
DA:44,10
DA:45,10
DA:51,8
DA:52,3
DA:54,8
DA:55,7
DA:56,612
DA:63,8
DA:65,4
DA:66,4
DA:68,1
DA:69,1
DA:71,1
DA:72,1
DA:74,1
DA:75,1
DA:77,1
DA:80,1
DA:81,1
DA:84,7
DA:86,1
LF:46
LH:45
BRDA:22,0,0,2
BRDA:22,0,1,8
BRDA:22,1,0,10
BRDA:22,1,1,8
BRDA:40,2,0,257
BRDA:40,2,1,13
BRDA:51,3,0,3
BRDA:51,3,1,5
BRDA:51,4,0,8
BRDA:51,4,1,7
BRDA:56,5,0,27
BRDA:56,5,1,585
BRDA:63,6,0,4
BRDA:63,6,1,1
BRDA:63,6,2,1
BRDA:63,6,3,1
BRDA:63,6,4,1
BRDA:86,7,0,1
BRDA:86,7,1,0
BRF:19
BRH:18
end_of_record
TN:
SF:routes/api.js
FNF:0
FNH:0
DA:1,1
DA:3,1
DA:5,1
DA:7,1
DA:9,1
DA:11,1
LF:6
LH:6
BRF:0
BRH:0
end_of_record
